<?xml version="1.0" encoding="UTF-8"?>
<testng-results skipped="0" failed="0" ignored="0" total="1" passed="1">
  <reporter-output>
  </reporter-output>
  <suite name="Default suite" duration-ms="43875" started-at="2020-05-27T15:07:47Z" finished-at="2020-05-27T15:08:31Z">
    <groups>
      <group name="cucumber">
        <method signature="AbstractTestNGCucumberTests.feature(cucumber.api.testng.CucumberFeatureWrapper)[pri:0, instance:RunCukesTest@b0338]" name="feature" class="cucumber.api.testng.AbstractTestNGCucumberTests"/>
      </group> <!-- cucumber -->
    </groups>
    <test name="Default test" duration-ms="43875" started-at="2020-05-27T15:07:47Z" finished-at="2020-05-27T15:08:31Z">
      <class name="RunCukesTest">
        <test-method status="PASS" signature="setUpClass()[pri:0, instance:RunCukesTest@b0338]" name="setUpClass" is-config="true" duration-ms="568" started-at="2020-05-27T20:37:47Z" finished-at="2020-05-27T20:37:48Z">
          <reporter-output>
          </reporter-output>
        </test-method> <!-- setUpClass -->
        <test-method status="PASS" signature="feature(cucumber.api.testng.CucumberFeatureWrapper)[pri:0, instance:RunCukesTest@b0338]" name="feature" duration-ms="42165" started-at="2020-05-27T20:37:48Z" description="Runs Cucumber Feature" data-provider="features" finished-at="2020-05-27T20:38:30Z">
          <params>
            <param index="0">
              <value>
                <![CDATA[Flipkart Smoke Suite]]>
              </value>
            </param>
          </params>
          <reporter-output>
          </reporter-output>
        </test-method> <!-- feature -->
        <test-method status="PASS" signature="tearDownClass()[pri:0, instance:RunCukesTest@b0338]" name="tearDownClass" is-config="true" duration-ms="979" started-at="2020-05-27T20:38:30Z" finished-at="2020-05-27T20:38:31Z">
          <reporter-output>
          </reporter-output>
        </test-method> <!-- tearDownClass -->
      </class> <!-- RunCukesTest -->
    </test> <!-- Default test -->
  </suite> <!-- Default suite -->
</testng-results>
