<?xml version="1.0" encoding="UTF-8"?>
<testng-results skipped="0" failed="0" ignored="0" total="1" passed="1">
  <reporter-output>
  </reporter-output>
  <suite name="Surefire suite" duration-ms="117743" started-at="2020-05-31T08:11:53Z" finished-at="2020-05-31T08:13:50Z">
    <groups>
      <group name="cucumber">
        <method signature="AbstractTestNGCucumberTests.feature(cucumber.api.testng.CucumberFeatureWrapper)[pri:0, instance:RunCukesTest@174d20a]" name="feature" class="cucumber.api.testng.AbstractTestNGCucumberTests"/>
      </group> <!-- cucumber -->
    </groups>
    <test name="Surefire test" duration-ms="117743" started-at="2020-05-31T08:11:53Z" finished-at="2020-05-31T08:13:50Z">
      <class name="RunCukesTest">
        <test-method status="PASS" signature="setUpClass()[pri:0, instance:RunCukesTest@174d20a]" name="setUpClass" is-config="true" duration-ms="1265" started-at="2020-05-31T13:41:53Z" finished-at="2020-05-31T13:41:54Z">
          <reporter-output>
          </reporter-output>
        </test-method> <!-- setUpClass -->
        <test-method status="PASS" signature="feature(cucumber.api.testng.CucumberFeatureWrapper)[pri:0, instance:RunCukesTest@174d20a]" name="feature" duration-ms="114047" started-at="2020-05-31T13:41:55Z" description="Runs Cucumber Feature" data-provider="features" finished-at="2020-05-31T13:43:49Z">
          <params>
            <param index="0">
              <value>
                <![CDATA[Flipkart Smoke Suite]]>
              </value>
            </param>
          </params>
          <reporter-output>
          </reporter-output>
        </test-method> <!-- feature -->
        <test-method status="PASS" signature="tearDownClass()[pri:0, instance:RunCukesTest@174d20a]" name="tearDownClass" is-config="true" duration-ms="1463" started-at="2020-05-31T13:43:49Z" finished-at="2020-05-31T13:43:50Z">
          <reporter-output>
          </reporter-output>
        </test-method> <!-- tearDownClass -->
      </class> <!-- RunCukesTest -->
    </test> <!-- Surefire test -->
  </suite> <!-- Surefire suite -->
</testng-results>
