<?xml version="1.0" encoding="UTF-8"?>
<testng-results skipped="0" failed="0" ignored="0" total="1" passed="1">
  <reporter-output>
  </reporter-output>
  <suite name="Surefire suite" duration-ms="61662" started-at="2020-05-30T17:31:54Z" finished-at="2020-05-30T17:32:55Z">
    <groups>
      <group name="cucumber">
        <method signature="AbstractTestNGCucumberTests.feature(cucumber.api.testng.CucumberFeatureWrapper)[pri:0, instance:RunCukesTest@174d20a]" name="feature" class="cucumber.api.testng.AbstractTestNGCucumberTests"/>
      </group> <!-- cucumber -->
    </groups>
    <test name="Surefire test" duration-ms="61662" started-at="2020-05-30T17:31:54Z" finished-at="2020-05-30T17:32:55Z">
      <class name="RunCukesTest">
        <test-method status="PASS" signature="setUpClass()[pri:0, instance:RunCukesTest@174d20a]" name="setUpClass" is-config="true" duration-ms="394" started-at="2020-05-30T23:01:54Z" finished-at="2020-05-30T23:01:54Z">
          <reporter-output>
          </reporter-output>
        </test-method> <!-- setUpClass -->
        <test-method status="PASS" signature="feature(cucumber.api.testng.CucumberFeatureWrapper)[pri:0, instance:RunCukesTest@174d20a]" name="feature" duration-ms="59548" started-at="2020-05-30T23:01:55Z" description="Runs Cucumber Feature" data-provider="features" finished-at="2020-05-30T23:02:54Z">
          <params>
            <param index="0">
              <value>
                <![CDATA[Flipkart Smoke Suite]]>
              </value>
            </param>
          </params>
          <reporter-output>
          </reporter-output>
        </test-method> <!-- feature -->
        <test-method status="PASS" signature="tearDownClass()[pri:0, instance:RunCukesTest@174d20a]" name="tearDownClass" is-config="true" duration-ms="1380" started-at="2020-05-30T23:02:54Z" finished-at="2020-05-30T23:02:55Z">
          <reporter-output>
          </reporter-output>
        </test-method> <!-- tearDownClass -->
      </class> <!-- RunCukesTest -->
    </test> <!-- Surefire test -->
  </suite> <!-- Surefire suite -->
</testng-results>
